<?xml version="1.0" encoding="UTF-8"?>
<!-- Generated by org.testng.reporters.JUnitReportReporter -->
<testsuite hostname="Deepas-MacBook-Pro.local" name="com.app.restFulltest.ValidateOpenRestApi" tests="2" failures="0" timestamp="30 Jul 2019 19:29:53 GMT" time="1.416" errors="0">
  <testcase name="_testLaunchApi" time="0.181" classname="com.app.restFulltest.ValidateOpenRestApi"/>
  <testcase name="launchApi" time="1.235" classname="com.app.restFulltest.ValidateOpenRestApi"/>
</testsuite> <!-- com.app.restFulltest.ValidateOpenRestApi -->
