<?xml version="1.0" encoding="UTF-8"?>
<!-- Generated by org.testng.reporters.JUnitReportReporter -->
<testsuite hostname="Deepas-MacBook-Pro.local" name="com.app.ApiTesting.TestGetRequestApi" tests="4" failures="0" timestamp="15 Aug 2019 18:42:31 GMT" time="1.331" errors="0">
  <testcase name="_testPostApi" time="1.180" classname="com.app.ApiTesting.TestGetRequestApi"/>
  <testcase name="_testValidateUserID3" time="0.023" classname="com.app.ApiTesting.TestGetRequestApi"/>
  <testcase name="_testValidateGetBody" time="0.107" classname="com.app.ApiTesting.TestGetRequestApi"/>
  <testcase name="_testValidateUserID2" time="0.021" classname="com.app.ApiTesting.TestGetRequestApi"/>
</testsuite> <!-- com.app.ApiTesting.TestGetRequestApi -->
