<?xml version="1.0" encoding="UTF-8"?>
<!-- Generated by org.testng.reporters.JUnitReportReporter -->
<testsuite hostname="Deepas-MacBook-Pro.local" name="com.app.restFulltest.ValidatePutRequest" tests="1" failures="0" timestamp="26 Jul 2019 02:37:20 GMT" time="1.762" errors="0">
  <testcase name="_testPutreq" time="1.762" classname="com.app.restFulltest.ValidatePutRequest"/>
</testsuite> <!-- com.app.restFulltest.ValidatePutRequest -->
