<?xml version="1.0" encoding="UTF-8"?>
<!-- Generated by org.testng.reporters.JUnitReportReporter -->
<testsuite hostname="Deepas-MacBook-Pro.local" name="com.app.restFulltest.ValidateOpenRestApi" tests="1" failures="0" timestamp="26 Jul 2019 03:00:14 GMT" time="1.125" errors="0">
  <testcase name="launchApi" time="1.125" classname="com.app.restFulltest.ValidateOpenRestApi"/>
</testsuite> <!-- com.app.restFulltest.ValidateOpenRestApi -->
