<?xml version="1.0" encoding="UTF-8"?>
<!-- Generated by org.testng.reporters.JUnitReportReporter -->
<testsuite hostname="Deepas-MacBook-Pro.local" name="com.app.restFulltest.ValidateOpenRestApi" tests="1" failures="0" timestamp="25 Jul 2019 20:49:47 GMT" time="1.139" errors="0">
  <testcase name="launchApi" time="1.139" classname="com.app.restFulltest.ValidateOpenRestApi"/>
</testsuite> <!-- com.app.restFulltest.ValidateOpenRestApi -->
