<?xml version="1.0" encoding="UTF-8"?>
<!-- Generated by org.testng.reporters.JUnitReportReporter -->
<testsuite hostname="Deepas-MacBook-Pro.local" name="SeleniumTestProject.ValidateLoginPage" tests="8" failures="0" timestamp="30 Jul 2019 19:44:22 GMT" time="8.476" errors="0">
  <testcase name="listAllItems" time="0.160" classname="SeleniumTestProject.ValidateLoginPage"/>
  <testcase name="scrollToElement" time="0.075" classname="SeleniumTestProject.ValidateLoginPage"/>
  <testcase name="veryAndClick" time="3.939" classname="SeleniumTestProject.ValidateLoginPage"/>
  <testcase name="fnclickCompareLink" time="1.158" classname="SeleniumTestProject.ValidateLoginPage"/>
  <testcase name="fnApplication" time="2.224" classname="SeleniumTestProject.ValidateLoginPage"/>
  <testcase name="fnClickWebELe" time="0.859" classname="SeleniumTestProject.ValidateLoginPage"/>
  <testcase name="fnPerformActions" time="0.053" classname="SeleniumTestProject.ValidateLoginPage"/>
  <testcase name="fnValidateTitle" time="0.008" classname="SeleniumTestProject.ValidateLoginPage"/>
</testsuite> <!-- SeleniumTestProject.ValidateLoginPage -->
