<?xml version="1.0" encoding="UTF-8"?>
<!-- Generated by org.testng.reporters.JUnitReportReporter -->
<testsuite hostname="Deepas-MacBook-Pro.local" name="SeleniumTestProject.ValidateLoginPage" tests="8" failures="0" timestamp="25 Jul 2019 20:29:48 GMT" time="3.267" errors="0">
  <testcase name="fnValidateTitle" time="0.009" classname="SeleniumTestProject.ValidateLoginPage"/>
  <testcase name="listAllItems" time="0.155" classname="SeleniumTestProject.ValidateLoginPage"/>
  <testcase name="fnPerformActions" time="0.055" classname="SeleniumTestProject.ValidateLoginPage"/>
  <testcase name="fnclickCompareLink" time="0.628" classname="SeleniumTestProject.ValidateLoginPage"/>
  <testcase name="scrollToElement" time="0.074" classname="SeleniumTestProject.ValidateLoginPage"/>
  <testcase name="fnApplication" time="0.998" classname="SeleniumTestProject.ValidateLoginPage"/>
  <testcase name="fnClickWebELe" time="0.643" classname="SeleniumTestProject.ValidateLoginPage"/>
  <testcase name="veryAndClick" time="0.705" classname="SeleniumTestProject.ValidateLoginPage"/>
</testsuite> <!-- SeleniumTestProject.ValidateLoginPage -->
