<?xml version="1.0" encoding="UTF-8"?>
<!-- Generated by org.testng.reporters.JUnitReportReporter -->
<testsuite hostname="Deepas-MacBook-Pro.local" name="com.app.test.ValidateApi" tests="2" failures="0" timestamp="17 Aug 2019 01:07:56 GMT" time="1.947" errors="0">
  <testcase name="_testGetComments" time="0.326" classname="com.app.test.ValidateApi"/>
  <testcase name="_testComparePostAndComments" time="1.621" classname="com.app.test.ValidateApi"/>
</testsuite> <!-- com.app.test.ValidateApi -->
