<?xml version="1.0" encoding="UTF-8"?>
<!-- Generated by org.testng.reporters.JUnitReportReporter -->
<testsuite hostname="Deepas-MacBook-Pro.local" name="com.app.ngTest.TestNgFeaturesCheck" tests="1" failures="0" timestamp="30 Jul 2019 20:13:10 GMT" time="0.010" errors="0">
  <testcase name="printData" time="0.010" classname="com.app.ngTest.TestNgFeaturesCheck"/>
</testsuite> <!-- com.app.ngTest.TestNgFeaturesCheck -->
