<?xml version="1.0" encoding="UTF-8"?>
<!-- Generated by org.testng.reporters.JUnitReportReporter -->
<testsuite hostname="Deepas-MacBook-Pro.local" name="SeleniumTestProject.ValidateLoginPage" tests="8" failures="0" timestamp="26 Jul 2019 02:16:53 GMT" time="3.184" errors="0">
  <testcase name="fnValidateTitle" time="0.007" classname="SeleniumTestProject.ValidateLoginPage"/>
  <testcase name="fnPerformActions" time="0.051" classname="SeleniumTestProject.ValidateLoginPage"/>
  <testcase name="fnApplication" time="1.040" classname="SeleniumTestProject.ValidateLoginPage"/>
  <testcase name="fnClickWebELe" time="0.519" classname="SeleniumTestProject.ValidateLoginPage"/>
  <testcase name="scrollToElement" time="0.074" classname="SeleniumTestProject.ValidateLoginPage"/>
  <testcase name="listAllItems" time="0.157" classname="SeleniumTestProject.ValidateLoginPage"/>
  <testcase name="veryAndClick" time="0.844" classname="SeleniumTestProject.ValidateLoginPage"/>
  <testcase name="fnclickCompareLink" time="0.492" classname="SeleniumTestProject.ValidateLoginPage"/>
</testsuite> <!-- SeleniumTestProject.ValidateLoginPage -->
