<?xml version="1.0" encoding="UTF-8"?>
<!-- Generated by org.testng.reporters.JUnitReportReporter -->
<testsuite hostname="Deepas-MacBook-Pro.local" name="com.app.restFulltest.ValidatePostResqest" tests="1" failures="0" timestamp="26 Jul 2019 02:37:26 GMT" time="1.928" errors="0">
  <testcase name="_test_PostApi" time="1.928" classname="com.app.restFulltest.ValidatePostResqest"/>
</testsuite> <!-- com.app.restFulltest.ValidatePostResqest -->
