<?xml version="1.0" encoding="UTF-8"?>
<!-- Generated by org.testng.reporters.JUnitReportReporter -->
<testsuite hostname="Deepas-MacBook-Pro.local" name="SeleniumTestProject.ValidateLoginPage" tests="8" failures="0" timestamp="26 Jul 2019 03:05:38 GMT" time="5.316" errors="0">
  <testcase name="veryAndClick" time="2.041" classname="SeleniumTestProject.ValidateLoginPage"/>
  <testcase name="scrollToElement" time="0.072" classname="SeleniumTestProject.ValidateLoginPage"/>
  <testcase name="fnPerformActions" time="0.055" classname="SeleniumTestProject.ValidateLoginPage"/>
  <testcase name="listAllItems" time="0.158" classname="SeleniumTestProject.ValidateLoginPage"/>
  <testcase name="fnApplication" time="1.540" classname="SeleniumTestProject.ValidateLoginPage"/>
  <testcase name="fnClickWebELe" time="0.662" classname="SeleniumTestProject.ValidateLoginPage"/>
  <testcase name="fnValidateTitle" time="0.007" classname="SeleniumTestProject.ValidateLoginPage"/>
  <testcase name="fnclickCompareLink" time="0.781" classname="SeleniumTestProject.ValidateLoginPage"/>
</testsuite> <!-- SeleniumTestProject.ValidateLoginPage -->
