<?xml version="1.0" encoding="UTF-8"?>
<!-- Generated by org.testng.reporters.JUnitReportReporter -->
<testsuite hostname="Deepas-MacBook-Pro.local" name="SeleniumTestProject.ValidateLoginPage" tests="8" failures="0" timestamp="26 Jul 2019 02:39:14 GMT" time="5.815" errors="0">
  <testcase name="fnValidateTitle" time="0.012" classname="SeleniumTestProject.ValidateLoginPage"/>
  <testcase name="listAllItems" time="0.155" classname="SeleniumTestProject.ValidateLoginPage"/>
  <testcase name="fnPerformActions" time="0.053" classname="SeleniumTestProject.ValidateLoginPage"/>
  <testcase name="fnclickCompareLink" time="0.736" classname="SeleniumTestProject.ValidateLoginPage"/>
  <testcase name="scrollToElement" time="0.076" classname="SeleniumTestProject.ValidateLoginPage"/>
  <testcase name="fnApplication" time="1.447" classname="SeleniumTestProject.ValidateLoginPage"/>
  <testcase name="fnClickWebELe" time="0.868" classname="SeleniumTestProject.ValidateLoginPage"/>
  <testcase name="veryAndClick" time="2.468" classname="SeleniumTestProject.ValidateLoginPage"/>
</testsuite> <!-- SeleniumTestProject.ValidateLoginPage -->
